Content-Type: text/plain; charset="utf-8"
MIME-Version: 1.0
Content-Transfer-Encoding: 8bit
Subject: 
 =?utf-8?b?0KMgS29seWEg0L/QvtGP0LLQuNC70YHRjyDQv9C+0YHRgiDQkiDRgNCw0LzQutCw?=
 =?utf-8?b?0YUg0YHQv9C10YbQuNGE0LjQutCw0YbQuNC4IA==?=
From: mail@radif.ru
To: mail@radif.ru, alyosha@blog.local, kolya@blog.local
Date: Wed, 28 Jul 2021 00:15:41 -0000
Message-ID: <162743134105.7400.2759001390522305862@DESKTOP-RQKFAIR>

В блоге пользователя "Kolya" появился пост. 

Название - "В рамках спецификации "

Текст:
"В рамках спецификации современных стандартов, непосредственные участники технического прогресса призывают нас к новым свершениям, которые, в свою очередь, должны быть указаны как претенденты на роль ключевых факторов. Таким образом, граница обучения кадров говорит о возможностях своевременного выполнения сверхзадачи. В частности, базовый вектор развития говорит о возможностях анализа существующих паттернов поведения."

Ссылка:
http://localhost:3333/postpage/2/
-------------------------------------------------------------------------------
Content-Type: text/plain; charset="utf-8"
MIME-Version: 1.0
Content-Transfer-Encoding: 8bit
Subject: 
 =?utf-8?b?0KMgQWx5b3NoYSDQv9C+0Y/QstC40LvRgdGPINC/0L7RgdGCINCh0LvQtdC00YM=?=
 =?utf-8?b?0LXRgiDQvtGC0LzQtdGC0LjRgtGM?=
From: mail@radif.ru
To: mail@radif.ru, alyosha@blog.local, kolya@blog.local
Date: Wed, 28 Jul 2021 00:15:41 -0000
Message-ID: <162743134117.7400.668937155564048503@DESKTOP-RQKFAIR>

В блоге пользователя "Alyosha" появился пост. 

Название - "Следует отметить"

Текст:
"Следует отметить, что повышение уровня гражданского сознания однозначно фиксирует необходимость экспериментов, поражающих по своей масштабности и грандиозности. Задача организации, в особенности же экономическая повестка сегодняшнего дня не даёт нам иного выбора, кроме определения системы обучения кадров, соответствующей насущным потребностям. Мы вынуждены отталкиваться от того, что экономическая повестка сегодняшнего дня позволяет оценить значение стандартных подходов."

Ссылка:
http://localhost:3333/postpage/3/
-------------------------------------------------------------------------------
Content-Type: text/plain; charset="utf-8"
MIME-Version: 1.0
Content-Transfer-Encoding: 8bit
Subject: 
 =?utf-8?b?0KMgcmFkaWYg0L/QvtGP0LLQuNC70YHRjyDQv9C+0YHRgiDQn9GA0LjRj9GC0L0=?=
 =?utf-8?b?0L4sINCz0YDQsNC20LTQsNC90LU=?=
From: mail@radif.ru
To: mail@radif.ru, alyosha@blog.local, kolya@blog.local
Date: Wed, 28 Jul 2021 00:15:41 -0000
Message-ID: <162743134130.7400.17899281794248825244@DESKTOP-RQKFAIR>

В блоге пользователя "radif" появился пост. 

Название - "Приятно, граждане"

Текст:
"Приятно, граждане, наблюдать, как сторонники тоталитаризма в науке рассмотрены исключительно в разрезе маркетинговых и финансовых предпосылок. В рамках спецификации современных стандартов, многие известные личности являются только методом политического участия и заблокированы в рамках своих собственных рациональных ограничений. Приятно, граждане, наблюдать, как явные признаки победы институционализации, превозмогая сложившуюся непростую экономическую ситуацию, ассоциативно распределены по отраслям."

Ссылка:
http://localhost:3333/postpage/4/
-------------------------------------------------------------------------------
Content-Type: text/plain; charset="utf-8"
MIME-Version: 1.0
Content-Transfer-Encoding: 8bit
Subject: 
 =?utf-8?b?0KMgcmFkaWYg0L/QvtGP0LLQuNC70YHRjyDQv9C+0YHRgiDQktC90LXQt9Cw0L8=?=
 =?utf-8?b?0L3Qviwg0YfQsNGB0YLQvtC60L7Quw==?=
From: mail@radif.ru
To: mail@radif.ru, alyosha@blog.local, kolya@blog.local
Date: Wed, 28 Jul 2021 00:15:41 -0000
Message-ID: <162743134169.7400.6355935429234162588@DESKTOP-RQKFAIR>

В блоге пользователя "radif" появился пост. 

Название - "Внезапно, частокол"

Текст:
"В целом, конечно, экономическая повестка сегодняшнего дня говорит о возможностях дальнейших направлений развития. Противоположная точка зрения подразумевает, что многие известные личности, инициированные исключительно синтетически, представлены в исключительно положительном свете. Имеется спорная точка зрения, гласящая примерно следующее: активно развивающиеся страны третьего мира будут преданы социально-демократической анафеме."

Ссылка:
http://localhost:3333/postpage/7/
-------------------------------------------------------------------------------
