Content-Type: text/plain; charset="utf-8"
MIME-Version: 1.0
Content-Transfer-Encoding: 8bit
Subject: 
 =?utf-8?b?0KMgcmFkaWYg0YPQtNCw0LvRkdC9INC/0L7RgdGCINCS0L3QtdC30LDQv9C90L4s?=
 =?utf-8?b?INGH0LDRgdGC0L7QutC+0Ls=?=
From: mail@radif.ru
To: mail@radif.ru, alyosha@blog.local, kolya@blog.local
Date: Wed, 28 Jul 2021 00:19:49 -0000
Message-ID: <162743158963.5136.15871414609344341149@DESKTOP-RQKFAIR>

В блоге пользователя "radif" удалён пост. 

Название - "Внезапно, частокол"

Текст:
"В целом, конечно, экономическая повестка сегодняшнего дня говорит о возможностях дальнейших направлений развития. Противоположная точка зрения подразумевает, что многие известные личности, инициированные исключительно синтетически, представлены в исключительно положительном свете. Имеется спорная точка зрения, гласящая примерно следующее: активно развивающиеся страны третьего мира будут преданы социально-демократической анафеме."

Ссылка:
http://localhost:3333/postpage/7/
-------------------------------------------------------------------------------
Content-Type: text/plain; charset="utf-8"
MIME-Version: 1.0
Content-Transfer-Encoding: 8bit
Subject: 
 =?utf-8?b?0KMgQWx5b3NoYSDRg9C00LDQu9GR0L0g0L/QvtGB0YIg0JTQvtCx0YDQsNGPINC/?=
 =?utf-8?b?0L7Qu9C+0LLQuNC90LA=?=
From: mail@radif.ru
To: mail@radif.ru, alyosha@blog.local, kolya@blog.local
Date: Wed, 28 Jul 2021 00:19:49 -0000
Message-ID: <162743158973.5136.10593956958316821575@DESKTOP-RQKFAIR>

В блоге пользователя "Alyosha" удалён пост. 

Название - "Добрая половина"

Текст:
"А также тщательные исследования конкурентов могут быть объединены в целые кластеры себе подобных. В своём стремлении повысить качество жизни, они забывают, что постоянный количественный рост и сфера нашей активности обеспечивает актуальность глубокомысленных рассуждений. Задача организации, в особенности же существующая теория позволяет оценить значение новых предложений."

Ссылка:
http://localhost:3333/postpage/9/
-------------------------------------------------------------------------------
