Content-Type: text/plain; charset="utf-8"
MIME-Version: 1.0
Content-Transfer-Encoding: 8bit
Subject: 
 =?utf-8?b?0KMgcmFkaWYg0YPQtNCw0LvRkdC9INC/0L7RgdGCINCSINC/0YDQvtCy0LjQvdGG?=
 =?utf-8?b?0LjQuCDQvdC40LrQvtCz0L4g?=
From: mail@radif.ru
To: mail@radif.ru, alyosha@blog.local, kolya@blog.local
Date: Wed, 28 Jul 2021 00:19:12 -0000
Message-ID: <162743155213.5136.11924275406390380968@DESKTOP-RQKFAIR>

В блоге пользователя "radif" удалён пост. 

Название - "В провинции никого "

Текст:
"Предварительные выводы неутешительны: перспективное планирование выявляет срочную потребность укрепления моральных ценностей. Таким образом, курс на социально-ориентированный национальный проект способствует подготовке и реализации инновационных методов управления процессами. Для современного мира экономическая повестка сегодняшнего дня предполагает независимые способы реализации экономической целесообразности принимаемых решений."

Ссылка:
http://localhost:3333/postpage/10/
-------------------------------------------------------------------------------
Content-Type: text/plain; charset="utf-8"
MIME-Version: 1.0
Content-Transfer-Encoding: 8bit
Subject: 
 =?utf-8?b?0KMgQWx5b3NoYSDRg9C00LDQu9GR0L0g0L/QvtGB0YIg0JTQsNCy0LDQudGC0LUg?=
 =?utf-8?b?0L3QtSDQsdGD0LTQtdC8?=
From: mail@radif.ru
To: mail@radif.ru, alyosha@blog.local, kolya@blog.local
Date: Wed, 28 Jul 2021 00:19:12 -0000
Message-ID: <162743155217.5136.17626066587584018019@DESKTOP-RQKFAIR>

В блоге пользователя "Alyosha" удалён пост. 

Название - "Давайте не будем"

Текст:
"И нет сомнений, что представители современных социальных резервов в равной степени предоставлены сами себе. Предварительные выводы неутешительны: выбранный нами инновационный путь предполагает независимые способы реализации соответствующих условий активизации. Есть над чем задуматься: реплицированные с зарубежных источников, современные исследования, инициированные исключительно синтетически, рассмотрены исключительно в разрезе маркетинговых и финансовых предпосылок."

Ссылка:
http://localhost:3333/postpage/12/
-------------------------------------------------------------------------------
