Content-Type: text/plain; charset="utf-8"
MIME-Version: 1.0
Content-Transfer-Encoding: 8bit
Subject: =?utf-8?b?0KMgQWx5b3NoYSDRg9C00LDQu9GR0L0g0L/QvtGB0YI=?=
From: mail@radif.ru
To: mail@radif.ru, alyosha@blog.local, kolya@blog.local
Date: Mon, 26 Jul 2021 17:28:28 -0000
Message-ID: <162732050831.17832.18445710131634275061@DESKTOP-RQKFAIR>

В блоге пользователя Alyosha удалён пост. Смотрите сами:
http://localhost:3333/postpage/39/
-------------------------------------------------------------------------------
Content-Type: text/plain; charset="utf-8"
MIME-Version: 1.0
Content-Transfer-Encoding: 8bit
Subject: =?utf-8?b?0KMgS29seWEg0YPQtNCw0LvRkdC9INC/0L7RgdGC?=
From: mail@radif.ru
To: mail@radif.ru, alyosha@blog.local, kolya@blog.local
Date: Mon, 26 Jul 2021 17:28:28 -0000
Message-ID: <162732050833.17832.9676022230782932345@DESKTOP-RQKFAIR>

В блоге пользователя Kolya удалён пост. Смотрите сами:
http://localhost:3333/postpage/40/
-------------------------------------------------------------------------------
Content-Type: text/plain; charset="utf-8"
MIME-Version: 1.0
Content-Transfer-Encoding: 8bit
Subject: =?utf-8?b?0KMgQWx5b3NoYSDRg9C00LDQu9GR0L0g0L/QvtGB0YI=?=
From: mail@radif.ru
To: mail@radif.ru, alyosha@blog.local, kolya@blog.local
Date: Mon, 26 Jul 2021 17:28:28 -0000
Message-ID: <162732050834.17832.9464811208566804582@DESKTOP-RQKFAIR>

В блоге пользователя Alyosha удалён пост. Смотрите сами:
http://localhost:3333/postpage/41/
-------------------------------------------------------------------------------
