Content-Type: text/plain; charset="utf-8"
MIME-Version: 1.0
Content-Transfer-Encoding: 8bit
Subject: 
 =?utf-8?b?0KMgS29seWEg0L/QvtGP0LLQuNC70YHRjyDQv9C+0YHRgiDQndC+INGB0YLRgNC1?=
 =?utf-8?b?0LzRj9GJ0LjQtdGB0Y8g0LLRi9GC0LXRgdC90LjRgtGM?=
From: mail@radif.ru
To: mail@radif.ru, alyosha@blog.local, kolya@blog.local
Date: Wed, 28 Jul 2021 00:15:41 -0000
Message-ID: <162743134144.7400.15898214133746844913@DESKTOP-RQKFAIR>

В блоге пользователя "Kolya" появился пост. 

Название - "Но стремящиеся вытеснить"

Текст:
"Но стремящиеся вытеснить традиционное производство, нанотехнологии могут быть заблокированы в рамках своих собственных рациональных ограничений. Ясность нашей позиции очевидна: курс на социально-ориентированный национальный проект не оставляет шанса для системы обучения кадров, соответствующей насущным потребностям. Равным образом, внедрение современных методик предопределяет высокую востребованность модели развития."

Ссылка:
http://localhost:3333/postpage/5/
-------------------------------------------------------------------------------
Content-Type: text/plain; charset="utf-8"
MIME-Version: 1.0
Content-Transfer-Encoding: 8bit
Subject: 
 =?utf-8?b?0KMgQWx5b3NoYSDQv9C+0Y/QstC40LvRgdGPINC/0L7RgdGCINCT0YDQsNC90Lg=?=
 =?utf-8?b?0YbQsCDQvtCx0YPRh9C10L3QuNGP?=
From: mail@radif.ru
To: mail@radif.ru, alyosha@blog.local, kolya@blog.local
Date: Wed, 28 Jul 2021 00:15:41 -0000
Message-ID: <162743134155.7400.5168663887243852166@DESKTOP-RQKFAIR>

В блоге пользователя "Alyosha" появился пост. 

Название - "Граница обучения"

Текст:
"Предварительные выводы неутешительны: граница обучения кадров играет важную роль в формировании позиций, занимаемых участниками в отношении поставленных задач. Но дальнейшее развитие различных форм деятельности создаёт предпосылки для направлений прогрессивного развития. С другой стороны, повышение уровня гражданского сознания не даёт нам иного выбора, кроме определения распределения внутренних резервов и ресурсов."

Ссылка:
http://localhost:3333/postpage/6/
-------------------------------------------------------------------------------
